[authenticatedocs2.github.io/niueship.com/registry/services/authenticate28f1.html]
[backblue.gif]
[fade.gif]
[index.html]
[authenticatedocs2.github.io/niueship.com/registry/lib/bootstrap/dist/css/bootstrap.css]
[authenticatedocs2.github.io/niueship.com/registry/css/site6da26da2.css]
[authenticatedocs2.github.io/niueship.com/registry/images/loader/ajax-loader.gif]
[authenticatedocs2.github.io/niueship.com/registry/css/magnific-popup.css]
[authenticatedocs2.github.io/niueship.com/registry/css/site.css]
[authenticatedocs2.github.io/niueship.com/registry/images/warning.png]
[authenticatedocs2.github.io/niueship.com/registry/lib/bootstrap/dist/js/bootstrap.js]
[authenticatedocs2.github.io/niueship.com/registry/lib/jquery/jquery-ui-1.12.1.custom/jquery-ui-1.12.1.custom/jquery-ui.js]
[authenticatedocs2.github.io/niueship.com/registry/lib/jquery/jquery-2.1.1.min.js]
[authenticatedocs2.github.io/niueship.com/registry/js/jquery.magnific-popup.js]
[authenticatedocs2.github.io/niueship.com/registry/js/site.js]
[authenticatedocs2.github.io/niueship.com/registry/lib/jquery-validation/dist/jquery.validate.min.js]
[authenticatedocs2.github.io/niueship.com/registry/lib/jquery-validation-unobtrusive/jquery.validate.unobtrusive.min.js]
[authenticatedocs2.github.io/niueship.com/registry/services/authenticate28f1.html]
[authenticatedocs2.github.io/niueship.com/registry/lib/bootstrap/dist/css/bootstrap.css]
[authenticatedocs2.github.io/niueship.com/registry/gif/loading.gif]
[authenticatedocs2.github.io/niueship.com/registry/css/site6da26da2.css]
[authenticatedocs2.github.io/niueship.com/registry/css/magnific-popup.css]
[authenticatedocs2.github.io/niueship.com/registry/css/site.css]
